app/build/outputs/logs/manifest-merger-debug-report.txt
-- Merging decision tree log ---
manifest
ADDED from src\main\AndroidManifest.xml:2:1-32:12
	package
		ADDED from src\main\AndroidManifest.xml:3:5-49
		INJECTED from src\main\AndroidManifest.xml
		INJECTED from src\main\AndroidManifest.xml
	android:versionName
		INJECTED from src\main\AndroidManifest.xml
		INJECTED from src\main\AndroidManifest.xml
	xmlns:android
		ADDED from src\main\AndroidManifest.xml:2:11-69
	android:versionCode
		INJECTED from src\main\AndroidManifest.xml
		INJECTED from src\main\AndroidManifest.xml
application
ADDED from src\main\AndroidManifest.xml:5:5-30:19
MERGED from [com.android.support:design:24.2.1] AndroidManifest.xml:22:5-20
MERGED from [com.android.support:support-v4:24.2.1] AndroidManifest.xml:25:5-20
MERGED from [com.android.support:support-compat:24.2.1] AndroidManifest.xml:25:5-20
MERGED from [com.android.support:support-media-compat:24.2.1] AndroidManifest.xml:25:5-20
MERGED from [com.android.support:support-core-utils:24.2.1] AndroidManifest.xml:25:5-20
MERGED from [com.android.support:support-core-ui:24.2.1] AndroidManifest.xml:25:5-20
MERGED from [com.android.support:support-fragment:24.2.1] AndroidManifest.xml:25:5-20
MERGED from [com.android.support:appcompat-v7:24.2.1] AndroidManifest.xml:25:5-20
MERGED from [com.android.support:support-vector-drawable:24.2.1] AndroidManifest.xml:23:5-20
MERGED from [com.android.support:animated-vector-drawable:24.2.1] AndroidManifest.xml:22:5-20
	android:label
		ADDED from src\main\AndroidManifest.xml:8:9-41
	android:supportsRtl
		ADDED from src\main\AndroidManifest.xml:9:9-35
	android:allowBackup
		ADDED from src\main\AndroidManifest.xml:6:9-35
	android:icon
		ADDED from src\main\AndroidManifest.xml:7:9-49
	android:theme
		ADDED from src\main\AndroidManifest.xml:10:9-40
activity#com.baptiste.cetokids.view.MainScreenActivity
ADDED from src\main\AndroidManifest.xml:11:9-91
	android:name
		ADDED from src\main\AndroidManifest.xml:11:19-79
activity#com.baptiste.cetokids.view.MainActivity
ADDED from src\main\AndroidManifest.xml:12:9-76
	android:name
		ADDED from src\main\AndroidManifest.xml:12:19-73
activity#com.baptiste.cetokids.view.ListeAlimentActivity
ADDED from src\main\AndroidManifest.xml:13:9-84
	android:name
		ADDED from src\main\AndroidManifest.xml:13:19-81
activity#com.baptiste.cetokids.view.AjoutAlimentActivity
ADDED from src\main\AndroidManifest.xml:14:9-16:68
	android:label
		ADDED from src\main\AndroidManifest.xml:16:13-65
	android:name
		ADDED from src\main\AndroidManifest.xml:15:13-75
activity#com.baptiste.cetokids.view.RecetteActivity
ADDED from src\main\AndroidManifest.xml:17:9-19:71
	android:configChanges
		ADDED from src\main\AndroidManifest.xml:19:13-68
	android:name
		ADDED from src\main\AndroidManifest.xml:18:13-70
activity#com.baptiste.cetokids.view.RepasActivity
ADDED from src\main\AndroidManifest.xml:20:9-26:20
	android:name
		ADDED from src\main\AndroidManifest.xml:20:19-74
intent-filter#android.intent.action.MAIN+android.intent.category.LAUNCHER
ADDED from src\main\AndroidManifest.xml:21:13-25:29
action#android.intent.action.MAIN
ADDED from src\main\AndroidManifest.xml:22:17-69
	android:name
		ADDED from src\main\AndroidManifest.xml:22:25-66
category#android.intent.category.LAUNCHER
ADDED from src\main\AndroidManifest.xml:24:17-77
	android:name
		ADDED from src\main\AndroidManifest.xml:24:27-74
activity#com.baptiste.cetokids.view.MesRecettesActivity
ADDED from src\main\AndroidManifest.xml:27:9-83
	android:name
		ADDED from src\main\AndroidManifest.xml:27:19-80
activity#com.baptiste.cetokids.view.DetailRecetteAtivity
ADDED from src\main\AndroidManifest.xml:28:9-84
	android:name
		ADDED from src\main\AndroidManifest.xml:28:19-81
activity#com.baptiste.cetokids.view.MesAlimentsActivity
ADDED from src\main\AndroidManifest.xml:29:9-92
	android:name
		ADDED from src\main\AndroidManifest.xml:29:19-80
uses-sdk
INJECTED from src\main\AndroidManifest.xml reason: use-sdk injection requested
MERGED from [com.android.support:design:24.2.1] AndroidManifest.xml:20:5-43
MERGED from [com.android.support:support-v4:24.2.1] AndroidManifest.xml:21:5-23:54
MERGED from [com.android.support:support-compat:24.2.1] AndroidManifest.xml:21:5-23:58
MERGED from [com.android.support:support-media-compat:24.2.1] AndroidManifest.xml:21:5-23:63
MERGED from [com.android.support:support-core-utils:24.2.1] AndroidManifest.xml:21:5-23:61
MERGED from [com.android.support:support-core-ui:24.2.1] AndroidManifest.xml:21:5-23:58
MERGED from [com.android.support:support-fragment:24.2.1] AndroidManifest.xml:21:5-23:60
MERGED from [com.android.support:appcompat-v7:24.2.1] AndroidManifest.xml:21:5-23:78
MERGED from [com.android.support:support-vector-drawable:24.2.1] AndroidManifest.xml:21:5-43
MERGED from [com.android.support:animated-vector-drawable:24.2.1] AndroidManifest.xml:20:5-44
MERGED from [com.android.support:recyclerview-v7:24.2.1] AndroidManifest.xml:20:5-43
	tools:overrideLibrary
		ADDED from [com.android.support:support-v4:24.2.1] AndroidManifest.xml:23:9-51
	android:targetSdkVersion
		INJECTED from src\main\AndroidManifest.xml
		INJECTED from src\main\AndroidManifest.xml
	android:minSdkVersion
		INJECTED from src\main\AndroidManifest.xml
		INJECTED from src\main\AndroidManifest.xml